<?xml version="1.0" encoding="UTF-8"?>
<!-- Generated by org.testng.reporters.JUnitReportReporter -->
<testsuite skipped="0" hostname="HOME-PC" name="com.TestNG.DataProviderExample1" tests="3" failures="0" timestamp="23 Sep 2019 04:53:54 GMT" time="0.017" errors="0">
  <testcase name="login" time="0.003" classname="com.TestNG.DataProviderExample1"/>
  <testcase name="login" time="0.002" classname="com.TestNG.DataProviderExample1"/>
  <testcase name="login" time="0.012" classname="com.TestNG.DataProviderExample1"/>
</testsuite> <!-- com.TestNG.DataProviderExample1 -->
